<?xml version="1.0" encoding="UTF-8"?>
<!-- Generated by org.testng.reporters.JUnitReportReporter -->
<testsuite hostname="DESKTOP-BHQF87V" failures="0" tests="3" name="testscript.CategoryTest" time="19.675" errors="0" timestamp="2025-02-19T18:07:33 IST" skipped="0">
  <testcase classname="testscript.CategoryTest" name="verifyUserCanUpdateImage" time="6.919"/>
  <testcase classname="testscript.CategoryTest" name="verifeUserCanUpdateStatus" time="5.329"/>
  <testcase classname="testscript.CategoryTest" name="verifyUserAddNewCategoryWithValidDetails" time="7.427"/>
</testsuite> <!-- testscript.CategoryTest -->
