<?xml version="1.0" encoding="UTF-8"?>
<!-- Generated by org.testng.reporters.JUnitReportReporter -->
<testsuite hostname="DESKTOP-BHQF87V" failures="0" tests="3" name="testscript.SubCategoryTest" time="19.893" errors="0" timestamp="2025-02-19T18:07:33 IST" skipped="0">
  <testcase classname="testscript.SubCategoryTest" name="verifyUserCanSearchForListSubcategory" time="5.840"/>
  <testcase classname="testscript.SubCategoryTest" name="verifySubCategoryStatusCanChange" time="7.253"/>
  <testcase classname="testscript.SubCategoryTest" name="verifyAddNewSubCategoryWithValidDetails" time="6.800"/>
</testsuite> <!-- testscript.SubCategoryTest -->
