<?xml version="1.0" encoding="UTF-8"?>
<!-- Generated by org.testng.reporters.JUnitReportReporter -->
<testsuite hostname="DESKTOP-BHQF87V" failures="0" tests="1" name="testscript.AdminUserTest" time="10.039" errors="0" timestamp="2025-02-16T21:36:23 IST" skipped="0">
  <testcase classname="testscript.AdminUserTest" name="verifyIfUserInfoCanUpdateStatus" time="10.039"/>
</testsuite> <!-- testscript.AdminUserTest -->
