<?xml version="1.0" encoding="UTF-8"?>
<!-- Generated by org.testng.reporters.JUnitReportReporter -->
<testsuite hostname="DESKTOP-BHQF87V" failures="0" tests="1" name="testscript.SubCategoryTest" time="14.910" errors="0" timestamp="2025-02-18T14:52:31 IST" skipped="0">
  <testcase classname="testscript.SubCategoryTest" name="verifyAddNewSubCategoryWithValidDetails" time="14.910"/>
</testsuite> <!-- testscript.SubCategoryTest -->
