<?xml version="1.0" encoding="UTF-8"?>
<!-- Generated by org.testng.reporters.JUnitReportReporter -->
<testsuite hostname="DESKTOP-BHQF87V" failures="0" tests="1" name="testscript.CategoryTest" time="12.535" errors="0" timestamp="2025-02-18T15:04:05 IST" skipped="0">
  <testcase classname="testscript.CategoryTest" name="verifyUserCanUpdateImage" time="12.535"/>
</testsuite> <!-- testscript.CategoryTest -->
