<?xml version="1.0" encoding="UTF-8"?>
<!-- Generated by org.testng.reporters.JUnitReportReporter -->
<testsuite hostname="DESKTOP-BHQF87V" failures="0" tests="1" name="testscript.AdminUserTest" time="8.399" errors="0" timestamp="2025-02-19T18:15:35 IST" skipped="0">
  <testcase classname="testscript.AdminUserTest" name="verifyIfUserInfoCanUpdateStatus" time="8.399"/>
</testsuite> <!-- testscript.AdminUserTest -->
