<?xml version="1.0" encoding="UTF-8"?>
<!-- Generated by org.testng.reporters.JUnitReportReporter -->
<testsuite hostname="DESKTOP-BHQF87V" failures="0" tests="1" name="testscript.ManageProductTest" time="9.584" errors="0" timestamp="2025-02-18T12:53:02 IST" skipped="0">
  <testcase classname="testscript.ManageProductTest" name="verifyUserCanUpdateStatusOfProductDetails" time="9.584"/>
</testsuite> <!-- testscript.ManageProductTest -->
